[2023-03-01T21:32:54.0424687+08:00] [Bannerlord.ButterLib.ImplementationLoaderSubModule] [INF]: Loading implementations...
[2023-03-01T21:32:54.1011485+08:00] [Bannerlord.ButterLib.ImplementationLoaderSubModule] [INF]: Found implementation Bannerlord.ButterLib.Implementation.1.0.0.dll
[2023-03-01T21:32:54.1692485+08:00] [Bannerlord.ButterLib.ImplementationLoaderSubModule] [INF]: Found implementation Bannerlord.ButterLib.Implementation.1.0.1.dll
[2023-03-01T21:32:54.1708645+08:00] [Bannerlord.ButterLib.ImplementationLoaderSubModule] [INF]: Found implementation Bannerlord.ButterLib.Implementation.1.0.2.dll
[2023-03-01T21:32:54.1719651+08:00] [Bannerlord.ButterLib.ImplementationLoaderSubModule] [INF]: Found implementation Bannerlord.ButterLib.Implementation.1.0.3.dll
[2023-03-01T21:32:54.1729692+08:00] [Bannerlord.ButterLib.ImplementationLoaderSubModule] [INF]: Found implementation Bannerlord.ButterLib.Implementation.1.1.0.dll
[2023-03-01T21:32:54.1764835+08:00] [Bannerlord.ButterLib.ImplementationLoaderSubModule] [INF]: Found matching implementation. Loading it
[2023-03-01T21:32:54.1794920+08:00] [Bannerlord.ButterLib.ImplementationLoaderSubModule] [INF]: Implementation Bannerlord.ButterLib.Implementation.1.1.0.dll for game v1.1.0.0 is loaded
[2023-03-01T21:32:54.1998798+08:00] [Bannerlord.ButterLib.ImplementationLoaderSubModule] [INF]: Finished loading implementations
[2023-03-01T21:32:54.2037482+08:00] [Bannerlord.ButterLib.Implementation.SubModule] [INF]: Wrapping DebugManager of type TaleWorlds.MountAndBlade.MBDebugManager with DebugManagerWrapper
[2023-03-01T21:40:54.5849312+08:00] [Bannerlord.ButterLib.ImplementationLoaderSubModule] [INF]: Loading implementations...
[2023-03-01T21:40:54.6386088+08:00] [Bannerlord.ButterLib.ImplementationLoaderSubModule] [INF]: Found implementation Bannerlord.ButterLib.Implementation.1.0.0.dll
[2023-03-01T21:40:54.7024461+08:00] [Bannerlord.ButterLib.ImplementationLoaderSubModule] [INF]: Found implementation Bannerlord.ButterLib.Implementation.1.0.1.dll
[2023-03-01T21:40:54.7031550+08:00] [Bannerlord.ButterLib.ImplementationLoaderSubModule] [INF]: Found implementation Bannerlord.ButterLib.Implementation.1.0.2.dll
[2023-03-01T21:40:54.7036862+08:00] [Bannerlord.ButterLib.ImplementationLoaderSubModule] [INF]: Found implementation Bannerlord.ButterLib.Implementation.1.0.3.dll
[2023-03-01T21:40:54.7042186+08:00] [Bannerlord.ButterLib.ImplementationLoaderSubModule] [INF]: Found implementation Bannerlord.ButterLib.Implementation.1.1.0.dll
[2023-03-01T21:40:54.7076309+08:00] [Bannerlord.ButterLib.ImplementationLoaderSubModule] [INF]: Found matching implementation. Loading it
[2023-03-01T21:40:54.7108409+08:00] [Bannerlord.ButterLib.ImplementationLoaderSubModule] [INF]: Implementation Bannerlord.ButterLib.Implementation.1.1.0.dll for game v1.1.0.0 is loaded
[2023-03-01T21:40:54.7300629+08:00] [Bannerlord.ButterLib.ImplementationLoaderSubModule] [INF]: Finished loading implementations
[2023-03-01T21:40:54.7340862+08:00] [Bannerlord.ButterLib.Implementation.SubModule] [INF]: Wrapping DebugManager of type TaleWorlds.MountAndBlade.MBDebugManager with DebugManagerWrapper
[2023-03-01T21:50:58.3584069+08:00] [Bannerlord.ButterLib.ImplementationLoaderSubModule] [INF]: Loading implementations...
[2023-03-01T21:50:58.4150536+08:00] [Bannerlord.ButterLib.ImplementationLoaderSubModule] [INF]: Found implementation Bannerlord.ButterLib.Implementation.1.0.0.dll
[2023-03-01T21:50:58.4837863+08:00] [Bannerlord.ButterLib.ImplementationLoaderSubModule] [INF]: Found implementation Bannerlord.ButterLib.Implementation.1.0.1.dll
[2023-03-01T21:50:58.4847875+08:00] [Bannerlord.ButterLib.ImplementationLoaderSubModule] [INF]: Found implementation Bannerlord.ButterLib.Implementation.1.0.2.dll
[2023-03-01T21:50:58.4847875+08:00] [Bannerlord.ButterLib.ImplementationLoaderSubModule] [INF]: Found implementation Bannerlord.ButterLib.Implementation.1.0.3.dll
[2023-03-01T21:50:58.4857839+08:00] [Bannerlord.ButterLib.ImplementationLoaderSubModule] [INF]: Found implementation Bannerlord.ButterLib.Implementation.1.1.0.dll
[2023-03-01T21:50:58.4887800+08:00] [Bannerlord.ButterLib.ImplementationLoaderSubModule] [INF]: Found matching implementation. Loading it
[2023-03-01T21:50:58.4913613+08:00] [Bannerlord.ButterLib.ImplementationLoaderSubModule] [INF]: Implementation Bannerlord.ButterLib.Implementation.1.1.0.dll for game v1.1.0.0 is loaded
[2023-03-01T21:50:58.5134808+08:00] [Bannerlord.ButterLib.ImplementationLoaderSubModule] [INF]: Finished loading implementations
[2023-03-01T21:50:58.5169966+08:00] [Bannerlord.ButterLib.Implementation.SubModule] [INF]: Wrapping DebugManager of type TaleWorlds.MountAndBlade.MBDebugManager with DebugManagerWrapper
[2023-03-01T21:58:34.3433008+08:00] [Bannerlord.ButterLib.ImplementationLoaderSubModule] [INF]: Loading implementations...
[2023-03-01T21:58:34.4209921+08:00] [Bannerlord.ButterLib.ImplementationLoaderSubModule] [INF]: Found implementation Bannerlord.ButterLib.Implementation.1.0.0.dll
[2023-03-01T21:58:34.5144049+08:00] [Bannerlord.ButterLib.ImplementationLoaderSubModule] [INF]: Found implementation Bannerlord.ButterLib.Implementation.1.0.1.dll
[2023-03-01T21:58:34.5154437+08:00] [Bannerlord.ButterLib.ImplementationLoaderSubModule] [INF]: Found implementation Bannerlord.ButterLib.Implementation.1.0.2.dll
[2023-03-01T21:58:34.5159918+08:00] [Bannerlord.ButterLib.ImplementationLoaderSubModule] [INF]: Found implementation Bannerlord.ButterLib.Implementation.1.0.3.dll
[2023-03-01T21:58:34.5171239+08:00] [Bannerlord.ButterLib.ImplementationLoaderSubModule] [INF]: Found implementation Bannerlord.ButterLib.Implementation.1.1.0.dll
[2023-03-01T21:58:34.5198664+08:00] [Bannerlord.ButterLib.ImplementationLoaderSubModule] [INF]: Found matching implementation. Loading it
[2023-03-01T21:58:34.5250697+08:00] [Bannerlord.ButterLib.ImplementationLoaderSubModule] [INF]: Implementation Bannerlord.ButterLib.Implementation.1.1.0.dll for game v1.1.0.0 is loaded
[2023-03-01T21:58:34.5484562+08:00] [Bannerlord.ButterLib.ImplementationLoaderSubModule] [INF]: Finished loading implementations
[2023-03-01T21:58:34.5525130+08:00] [Bannerlord.ButterLib.Implementation.SubModule] [INF]: Wrapping DebugManager of type TaleWorlds.MountAndBlade.MBDebugManager with DebugManagerWrapper
[2023-03-01T21:58:58.8331880+08:00] [System.Diagnostics.Logger.LoggerTraceListener] [INF]: Bannerlord.UIExtenderEx.UIPatch - Register Types
[2023-03-01T21:58:58.8379050+08:00] [System.Diagnostics.Logger.LoggerTraceListener] [INF]: Bannerlord.UIExtenderEx.UIPatch - Enabled
[2023-03-01T21:58:58.9476115+08:00] [System.Diagnostics.Logger.LoggerTraceListener] [ERR]: 
[2023-03-01T21:58:58.9476115+08:00] [System.Diagnostics.Logger.LoggerTraceListener] [INF]: AccessTools2.Method: Could not find method for type 'TaleWorlds.CampaignSystem.CampaignBehaviors.CampaignBehaviorManager' and name 'OnGameLoaded' and parameters ''
[2023-03-01T21:58:59.0666758+08:00] [Bannerlord.ButterLib.Implementation.ObjectSystem.Patches.CampaignBehaviorManagerPatch] [ERR]: OnGameLoadedTargetMI is null
[2023-03-01T21:58:59.4685086+08:00] [MCM.Implementation.DefaultSettingsProvider] [INF]: Found Global container MCM.Implementation.Global.FluentGlobalSettingsContainer (0)
[2023-03-01T21:58:59.4695817+08:00] [MCM.Implementation.DefaultSettingsProvider] [INF]: Found Global container MCM.Implementation.Global.ExternalGlobalSettingsContainer (0)
[2023-03-01T21:58:59.4723705+08:00] [MCM.Implementation.DefaultSettingsProvider] [INF]: Found Global container MCM.Implementation.Global.GlobalSettingsContainer (3)
[2023-03-01T21:58:59.4740148+08:00] [MCM.Implementation.DefaultSettingsProvider] [INF]: Found Global container MCM.UI.ButterLib.ButterLibSettingsContainer (1)
[2023-03-01T21:58:59.4751925+08:00] [MCM.Implementation.DefaultSettingsProvider] [INF]: Found PerSave container MCM.Implementation.PerSave.FluentPerSaveSettingsContainer (0)
[2023-03-01T21:58:59.4759131+08:00] [MCM.Implementation.DefaultSettingsProvider] [INF]: Found PerSave container MCM.Implementation.PerSave.PerSaveSettingsContainer (0)
[2023-03-01T21:58:59.4764197+08:00] [MCM.Implementation.DefaultSettingsProvider] [INF]: Found Campaign container MCM.Implementation.PerCampaign.FluentPerCampaignSettingsContainer (0)
[2023-03-01T21:58:59.4770239+08:00] [MCM.Implementation.DefaultSettingsProvider] [INF]: Found Campaign container MCM.Implementation.PerCampaign.PerCampaignSettingsContainer (0)
[2023-03-01T21:58:59.4786396+08:00] [MCM.Implementation.DefaultSettingsProvider] [INF]: Found external provider MCM.UI.Adapter.MCMv5.Providers.MCMv5ExternalSettingsProvider (0)
[2023-03-01T21:58:59.4802586+08:00] [System.Diagnostics.Logger.LoggerTraceListener] [INF]: 
[2023-03-01T21:58:59.4807977+08:00] [System.Diagnostics.Logger.LoggerTraceListener] [INF]: MCM.UI - Register: MCMv5.UI, Version=5.5.5.0, Culture=neutral, PublicKeyToken=null
[2023-03-01T21:58:59.4807977+08:00] [System.Diagnostics.Logger.LoggerTraceListener] [INF]: 
[2023-03-01T21:58:59.4807977+08:00] [System.Diagnostics.Logger.LoggerTraceListener] [INF]: MCM.UI - Register Types
[2023-03-01T21:58:59.5183706+08:00] [System.Diagnostics.Logger.LoggerTraceListener] [INF]: 
[2023-03-01T21:58:59.5188942+08:00] [System.Diagnostics.Logger.LoggerTraceListener] [INF]: MCM.UI - Enabled
