[2023-02-10T19:35:28.3959240+08:00] [Diplomacy.SubModule] [INF]: Loading Diplomacy v1.2.3...
[2023-02-10T19:35:28.4094386+08:00] [Diplomacy.PatchTools.PatchManager] [DBG]: Applying unannotated Harmony patches (domain: bannerlord.diplomacy)...
[2023-02-10T19:35:28.4251896+08:00] [Diplomacy.PatchTools.PatchManager] [DBG]: Applying: Postfix patch of Apply in type DeclareWarAction (TaleWorlds.CampaignSystem.Actions.DeclareWarAction)
[2023-02-10T19:35:28.4271895+08:00] [Diplomacy.PatchTools.PatchManager] [DBG]: Applying: Postfix patch of ApplyDeclareWarOverProvocation in type DeclareWarAction (TaleWorlds.CampaignSystem.Actions.DeclareWarAction)
[2023-02-10T19:35:28.4281900+08:00] [Diplomacy.PatchTools.PatchManager] [DBG]: Applying: Postfix patch of CalculateInfluenceChange in type DefaultClanPoliticsModel (TaleWorlds.CampaignSystem.GameComponents.DefaultClanPoliticsModel)
[2023-02-10T19:35:28.4301918+08:00] [Diplomacy.PatchTools.PatchManager] [DBG]: Applying: Prefix patch of ConsiderWar in type DiplomaticBartersBehavior (TaleWorlds.CampaignSystem.CampaignBehaviors.BarterBehaviors.DiplomaticBartersBehavior)
[2023-02-10T19:35:28.4327206+08:00] [Diplomacy.PatchTools.PatchManager] [DBG]: Applying: Postfix patch of siege_aftermath_contextual_summary_on_init in type SiegeAftermathCampaignBehavior (TaleWorlds.CampaignSystem.CampaignBehaviors.SiegeAftermathCampaignBehavior)
[2023-02-10T19:35:28.4387344+08:00] [Diplomacy.PatchTools.PatchManager] [DBG]: Applying: Prefix patch of ConsiderWar in type KingdomDecisionProposalBehavior (TaleWorlds.CampaignSystem.CampaignBehaviors.KingdomDecisionProposalBehavior)
[2023-02-10T19:35:28.4432551+08:00] [Diplomacy.PatchTools.PatchManager] [DBG]: Applying: Prefix patch of ConsiderPeace in type KingdomDecisionProposalBehavior (TaleWorlds.CampaignSystem.CampaignBehaviors.KingdomDecisionProposalBehavior)
[2023-02-10T19:35:28.4522575+08:00] [Diplomacy.PatchTools.PatchManager] [DBG]: Applying: Prefix patch of DailyTickClan in type KingdomDecisionProposalBehavior (TaleWorlds.CampaignSystem.CampaignBehaviors.KingdomDecisionProposalBehavior)
[2023-02-10T19:35:28.4624332+08:00] [Diplomacy.PatchTools.PatchManager] [DBG]: Applying: Postfix patch of MainStoryLineChosen in type SupportKingdomQuest (StoryMode.Quests.FirstPhase.SupportKingdomQuest)
[2023-02-10T19:35:28.4667822+08:00] [Diplomacy.PatchTools.PatchManager] [DBG]: Applying: Prefix patch of DeclareAlliance in type FactionManager (TaleWorlds.CampaignSystem.FactionManager)
[2023-02-10T19:35:28.4677811+08:00] [Diplomacy.PatchTools.PatchManager] [DBG]: Applying: Postfix patch of InitializeListItems in type DefaultEncyclopediaFactionPage (TaleWorlds.CampaignSystem.Encyclopedia.Pages.DefaultEncyclopediaFactionPage)
[2023-02-10T19:35:28.4697812+08:00] [Diplomacy.PatchTools.PatchManager] [DBG]: Applying: Postfix patch of OnFinalize in type KingdomManagementVM (TaleWorlds.CampaignSystem.ViewModelCollection.KingdomManagement.KingdomManagementVM)
[2023-02-10T19:35:28.4708067+08:00] [Diplomacy.PatchTools.PatchManager] [DBG]: Applying: Postfix patch of .ctor in type GauntletBannerEditorScreen (SandBox.GauntletUI.BannerEditor.GauntletBannerEditorScreen)
[2023-02-10T19:35:28.4763457+08:00] [Diplomacy.PatchTools.PatchManager] [DBG]: Applying: Prefix patch of OnDone in type GauntletBannerEditorScreen (SandBox.GauntletUI.BannerEditor.GauntletBannerEditorScreen)
[2023-02-10T19:35:28.4793457+08:00] [Diplomacy.PatchTools.PatchManager] [DBG]: Applied 14 patches of 10 patch classes (domain: bannerlord.diplomacy)..
[2023-02-10T19:36:02.6225128+08:00] [Diplomacy.SubModule] [INF]: Loaded Diplomacy v1.2.3!
[2023-02-10T19:37:03.7878560+08:00] [Diplomacy.PatchTools.PatchManager] [DBG]: Applying unannotated Harmony patches (domain: bannerlord.diplomacy.campaign)...
[2023-02-10T19:37:03.7888291+08:00] [Diplomacy.PatchTools.PatchManager] [DBG]: Applying: Postfix patch of conversation_lord_request_mission_ask_on_condition in type LordConversationsCampaignBehavior (SandBox.CampaignBehaviors.LordConversationsCampaignBehavior)
[2023-02-10T19:37:03.7942705+08:00] [Diplomacy.PatchTools.PatchManager] [DBG]: Applying: Postfix patch of conversation_player_wants_to_make_peace_on_condition in type LordConversationsCampaignBehavior (SandBox.CampaignBehaviors.LordConversationsCampaignBehavior)
[2023-02-10T19:37:03.7962332+08:00] [Diplomacy.PatchTools.PatchManager] [DBG]: Applying: Postfix patch of conversation_player_want_to_join_faction_as_mercenary_or_vassal_on_condition in type LordConversationsCampaignBehavior (SandBox.CampaignBehaviors.LordConversationsCampaignBehavior)
[2023-02-10T19:37:03.8002334+08:00] [Diplomacy.PatchTools.PatchManager] [DBG]: Applying: Postfix patch of conversation_player_threats_lord_verify_on_condition in type LordConversationsCampaignBehavior (SandBox.CampaignBehaviors.LordConversationsCampaignBehavior)
[2023-02-10T19:37:03.8027848+08:00] [Diplomacy.PatchTools.PatchManager] [DBG]: Applying: Postfix patch of village_farmer_loot_on_condition in type VillagerCampaignBehavior (TaleWorlds.CampaignSystem.CampaignBehaviors.VillagerCampaignBehavior)
[2023-02-10T19:37:03.8037828+08:00] [Diplomacy.PatchTools.PatchManager] [DBG]: Applying: Postfix patch of caravan_loot_on_condition in type CaravansCampaignBehavior (TaleWorlds.CampaignSystem.CampaignBehaviors.CaravansCampaignBehavior)
[2023-02-10T19:37:03.8047856+08:00] [Diplomacy.PatchTools.PatchManager] [DBG]: Applying: Postfix patch of game_menu_village_hostile_action_on_condition in type PlayerTownVisitCampaignBehavior (TaleWorlds.CampaignSystem.CampaignBehaviors.PlayerTownVisitCampaignBehavior)
[2023-02-10T19:37:03.8067838+08:00] [Diplomacy.PatchTools.PatchManager] [DBG]: Applying: Prefix patch of AbdicateTheThrone in type KingdomManager (TaleWorlds.CampaignSystem.KingdomManager)
[2023-02-10T19:37:03.8117838+08:00] [Diplomacy.PatchTools.PatchManager] [DBG]: Applied 8 patches of 1 patch classes (domain: bannerlord.diplomacy.campaign)..
[2023-02-10T19:37:03.8189909+08:00] [Diplomacy.SubModule] [DBG]: Campaign session started.
[2023-02-10T19:56:00.3237293+08:00] [Diplomacy.CampaignBehaviors.CooldownBehavior] [VRB]: [秋季 1084年1日] 南帝国 got a war declaration cooldown with 阿塞莱.
[2023-02-10T20:20:00.8365917+08:00] [Diplomacy.SubModule] [DBG]: Campaign session ended.
[2023-02-10T20:20:06.9838905+08:00] [Diplomacy.SubModule] [INF]: Unloaded Diplomacy v1.2.3!
