[2023-02-05T16:46:51.1197635+08:00] [Diplomacy.SubModule] [INF]: Loading Diplomacy v1.2.1...
[2023-02-05T16:46:51.1272648+08:00] [Diplomacy.PatchTools.PatchManager] [DBG]: Applying unannotated Harmony patches (domain: bannerlord.diplomacy)...
[2023-02-05T16:46:51.1497579+08:00] [Diplomacy.PatchTools.PatchManager] [DBG]: Applying: Postfix patch of Apply in type DeclareWarAction (TaleWorlds.CampaignSystem.Actions.DeclareWarAction)
[2023-02-05T16:46:51.1517587+08:00] [Diplomacy.PatchTools.PatchManager] [DBG]: Applying: Postfix patch of ApplyDeclareWarOverProvocation in type DeclareWarAction (TaleWorlds.CampaignSystem.Actions.DeclareWarAction)
[2023-02-05T16:46:51.1527890+08:00] [Diplomacy.PatchTools.PatchManager] [DBG]: Applying: Postfix patch of CalculateInfluenceChange in type DefaultClanPoliticsModel (TaleWorlds.CampaignSystem.GameComponents.DefaultClanPoliticsModel)
[2023-02-05T16:46:51.1547526+08:00] [Diplomacy.PatchTools.PatchManager] [DBG]: Applying: Prefix patch of ConsiderWar in type DiplomaticBartersBehavior (TaleWorlds.CampaignSystem.CampaignBehaviors.BarterBehaviors.DiplomaticBartersBehavior)
[2023-02-05T16:46:51.1572611+08:00] [Diplomacy.PatchTools.PatchManager] [DBG]: Applying: Postfix patch of siege_aftermath_contextual_summary_on_init in type SiegeAftermathCampaignBehavior (TaleWorlds.CampaignSystem.CampaignBehaviors.SiegeAftermathCampaignBehavior)
[2023-02-05T16:46:51.1613021+08:00] [Diplomacy.PatchTools.PatchManager] [DBG]: Applying: Prefix patch of ConsiderWar in type KingdomDecisionProposalBehavior (TaleWorlds.CampaignSystem.CampaignBehaviors.KingdomDecisionProposalBehavior)
[2023-02-05T16:46:51.1653022+08:00] [Diplomacy.PatchTools.PatchManager] [DBG]: Applying: Prefix patch of ConsiderPeace in type KingdomDecisionProposalBehavior (TaleWorlds.CampaignSystem.CampaignBehaviors.KingdomDecisionProposalBehavior)
[2023-02-05T16:46:51.1736148+08:00] [Diplomacy.PatchTools.PatchManager] [DBG]: Applying: Prefix patch of DailyTickClan in type KingdomDecisionProposalBehavior (TaleWorlds.CampaignSystem.CampaignBehaviors.KingdomDecisionProposalBehavior)
[2023-02-05T16:46:51.1885921+08:00] [Diplomacy.PatchTools.PatchManager] [DBG]: Applying: Postfix patch of MainStoryLineChosen in type SupportKingdomQuest (StoryMode.Quests.FirstPhase.SupportKingdomQuest)
[2023-02-05T16:46:51.1906276+08:00] [Diplomacy.PatchTools.PatchManager] [DBG]: Applying: Prefix patch of DeclareAlliance in type FactionManager (TaleWorlds.CampaignSystem.FactionManager)
[2023-02-05T16:46:51.1916249+08:00] [Diplomacy.PatchTools.PatchManager] [DBG]: Applying: Postfix patch of InitializeListItems in type DefaultEncyclopediaFactionPage (TaleWorlds.CampaignSystem.Encyclopedia.Pages.DefaultEncyclopediaFactionPage)
[2023-02-05T16:46:51.1926251+08:00] [Diplomacy.PatchTools.PatchManager] [DBG]: Applying: Postfix patch of OnFinalize in type KingdomManagementVM (TaleWorlds.CampaignSystem.ViewModelCollection.KingdomManagement.KingdomManagementVM)
[2023-02-05T16:46:51.1935912+08:00] [Diplomacy.PatchTools.PatchManager] [DBG]: Applying: Postfix patch of .ctor in type GauntletBannerEditorScreen (SandBox.GauntletUI.BannerEditor.GauntletBannerEditorScreen)
[2023-02-05T16:46:51.1976264+08:00] [Diplomacy.PatchTools.PatchManager] [DBG]: Applying: Prefix patch of OnDone in type GauntletBannerEditorScreen (SandBox.GauntletUI.BannerEditor.GauntletBannerEditorScreen)
[2023-02-05T16:46:51.1990382+08:00] [Diplomacy.PatchTools.PatchManager] [DBG]: Applied 14 patches of 10 patch classes (domain: bannerlord.diplomacy)..
[2023-02-05T16:47:02.0809586+08:00] [Diplomacy.SubModule] [INF]: Loaded Diplomacy v1.2.1!
[2023-02-05T16:47:45.1105057+08:00] [Diplomacy.PatchTools.PatchManager] [DBG]: Applying unannotated Harmony patches (domain: bannerlord.diplomacy.campaign)...
[2023-02-05T16:47:45.1114718+08:00] [Diplomacy.PatchTools.PatchManager] [DBG]: Applying: Postfix patch of conversation_lord_request_mission_ask_on_condition in type LordConversationsCampaignBehavior (SandBox.CampaignBehaviors.LordConversationsCampaignBehavior)
[2023-02-05T16:47:45.1170548+08:00] [Diplomacy.PatchTools.PatchManager] [DBG]: Applying: Postfix patch of conversation_player_wants_to_make_peace_on_condition in type LordConversationsCampaignBehavior (SandBox.CampaignBehaviors.LordConversationsCampaignBehavior)
[2023-02-05T16:47:45.1180980+08:00] [Diplomacy.PatchTools.PatchManager] [DBG]: Applying: Postfix patch of conversation_player_want_to_join_faction_as_mercenary_or_vassal_on_condition in type LordConversationsCampaignBehavior (SandBox.CampaignBehaviors.LordConversationsCampaignBehavior)
[2023-02-05T16:47:45.1230610+08:00] [Diplomacy.PatchTools.PatchManager] [DBG]: Applying: Postfix patch of conversation_player_threats_lord_verify_on_condition in type LordConversationsCampaignBehavior (SandBox.CampaignBehaviors.LordConversationsCampaignBehavior)
[2023-02-05T16:47:45.1256310+08:00] [Diplomacy.PatchTools.PatchManager] [DBG]: Applying: Postfix patch of village_farmer_loot_on_condition in type VillagerCampaignBehavior (TaleWorlds.CampaignSystem.CampaignBehaviors.VillagerCampaignBehavior)
[2023-02-05T16:47:45.1266668+08:00] [Diplomacy.PatchTools.PatchManager] [DBG]: Applying: Postfix patch of caravan_loot_on_condition in type CaravansCampaignBehavior (TaleWorlds.CampaignSystem.CampaignBehaviors.CaravansCampaignBehavior)
[2023-02-05T16:47:45.1277079+08:00] [Diplomacy.PatchTools.PatchManager] [DBG]: Applying: Postfix patch of game_menu_village_hostile_action_on_condition in type PlayerTownVisitCampaignBehavior (TaleWorlds.CampaignSystem.CampaignBehaviors.PlayerTownVisitCampaignBehavior)
[2023-02-05T16:47:45.1287046+08:00] [Diplomacy.PatchTools.PatchManager] [DBG]: Applying: Prefix patch of AbdicateTheThrone in type KingdomManager (TaleWorlds.CampaignSystem.KingdomManager)
[2023-02-05T16:47:45.1347085+08:00] [Diplomacy.PatchTools.PatchManager] [DBG]: Applied 8 patches of 1 patch classes (domain: bannerlord.diplomacy.campaign)..
[2023-02-05T16:47:45.1402751+08:00] [Diplomacy.SubModule] [DBG]: Campaign session started.
[2023-02-05T16:59:05.5264099+08:00] [Diplomacy.SubModule] [INF]: Loading Diplomacy v1.2.1...
[2023-02-05T16:59:05.5334145+08:00] [Diplomacy.PatchTools.PatchManager] [DBG]: Applying unannotated Harmony patches (domain: bannerlord.diplomacy)...
[2023-02-05T16:59:05.5439627+08:00] [Diplomacy.PatchTools.PatchManager] [DBG]: Applying: Postfix patch of Apply in type DeclareWarAction (TaleWorlds.CampaignSystem.Actions.DeclareWarAction)
[2023-02-05T16:59:05.5454340+08:00] [Diplomacy.PatchTools.PatchManager] [DBG]: Applying: Postfix patch of ApplyDeclareWarOverProvocation in type DeclareWarAction (TaleWorlds.CampaignSystem.Actions.DeclareWarAction)
[2023-02-05T16:59:05.5464638+08:00] [Diplomacy.PatchTools.PatchManager] [DBG]: Applying: Postfix patch of CalculateInfluenceChange in type DefaultClanPoliticsModel (TaleWorlds.CampaignSystem.GameComponents.DefaultClanPoliticsModel)
[2023-02-05T16:59:05.5474446+08:00] [Diplomacy.PatchTools.PatchManager] [DBG]: Applying: Prefix patch of ConsiderWar in type DiplomaticBartersBehavior (TaleWorlds.CampaignSystem.CampaignBehaviors.BarterBehaviors.DiplomaticBartersBehavior)
[2023-02-05T16:59:05.5494767+08:00] [Diplomacy.PatchTools.PatchManager] [DBG]: Applying: Postfix patch of siege_aftermath_contextual_summary_on_init in type SiegeAftermathCampaignBehavior (TaleWorlds.CampaignSystem.CampaignBehaviors.SiegeAftermathCampaignBehavior)
[2023-02-05T16:59:05.5524795+08:00] [Diplomacy.PatchTools.PatchManager] [DBG]: Applying: Prefix patch of ConsiderWar in type KingdomDecisionProposalBehavior (TaleWorlds.CampaignSystem.CampaignBehaviors.KingdomDecisionProposalBehavior)
[2023-02-05T16:59:05.5550183+08:00] [Diplomacy.PatchTools.PatchManager] [DBG]: Applying: Prefix patch of ConsiderPeace in type KingdomDecisionProposalBehavior (TaleWorlds.CampaignSystem.CampaignBehaviors.KingdomDecisionProposalBehavior)
[2023-02-05T16:59:05.5661757+08:00] [Diplomacy.PatchTools.PatchManager] [DBG]: Applying: Prefix patch of DailyTickClan in type KingdomDecisionProposalBehavior (TaleWorlds.CampaignSystem.CampaignBehaviors.KingdomDecisionProposalBehavior)
[2023-02-05T16:59:05.5776988+08:00] [Diplomacy.PatchTools.PatchManager] [DBG]: Applying: Postfix patch of MainStoryLineChosen in type SupportKingdomQuest (StoryMode.Quests.FirstPhase.SupportKingdomQuest)
[2023-02-05T16:59:05.5817003+08:00] [Diplomacy.PatchTools.PatchManager] [DBG]: Applying: Prefix patch of DeclareAlliance in type FactionManager (TaleWorlds.CampaignSystem.FactionManager)
[2023-02-05T16:59:05.5826993+08:00] [Diplomacy.PatchTools.PatchManager] [DBG]: Applying: Postfix patch of InitializeListItems in type DefaultEncyclopediaFactionPage (TaleWorlds.CampaignSystem.Encyclopedia.Pages.DefaultEncyclopediaFactionPage)
[2023-02-05T16:59:05.5836993+08:00] [Diplomacy.PatchTools.PatchManager] [DBG]: Applying: Postfix patch of OnFinalize in type KingdomManagementVM (TaleWorlds.CampaignSystem.ViewModelCollection.KingdomManagement.KingdomManagementVM)
[2023-02-05T16:59:05.5926458+08:00] [Diplomacy.PatchTools.PatchManager] [DBG]: Applying: Postfix patch of .ctor in type GauntletBannerEditorScreen (SandBox.GauntletUI.BannerEditor.GauntletBannerEditorScreen)
[2023-02-05T16:59:05.5971916+08:00] [Diplomacy.PatchTools.PatchManager] [DBG]: Applying: Prefix patch of OnDone in type GauntletBannerEditorScreen (SandBox.GauntletUI.BannerEditor.GauntletBannerEditorScreen)
[2023-02-05T16:59:05.6002256+08:00] [Diplomacy.PatchTools.PatchManager] [DBG]: Applied 14 patches of 10 patch classes (domain: bannerlord.diplomacy)..
[2023-02-05T16:59:15.4073293+08:00] [Diplomacy.SubModule] [INF]: Loaded Diplomacy v1.2.1!
[2023-02-05T17:00:38.6219680+08:00] [Diplomacy.PatchTools.PatchManager] [DBG]: Applying unannotated Harmony patches (domain: bannerlord.diplomacy.campaign)...
[2023-02-05T17:00:38.6229659+08:00] [Diplomacy.PatchTools.PatchManager] [DBG]: Applying: Postfix patch of conversation_lord_request_mission_ask_on_condition in type LordConversationsCampaignBehavior (SandBox.CampaignBehaviors.LordConversationsCampaignBehavior)
[2023-02-05T17:00:38.6285508+08:00] [Diplomacy.PatchTools.PatchManager] [DBG]: Applying: Postfix patch of conversation_player_wants_to_make_peace_on_condition in type LordConversationsCampaignBehavior (SandBox.CampaignBehaviors.LordConversationsCampaignBehavior)
[2023-02-05T17:00:38.6295501+08:00] [Diplomacy.PatchTools.PatchManager] [DBG]: Applying: Postfix patch of conversation_player_want_to_join_faction_as_mercenary_or_vassal_on_condition in type LordConversationsCampaignBehavior (SandBox.CampaignBehaviors.LordConversationsCampaignBehavior)
[2023-02-05T17:00:38.6325162+08:00] [Diplomacy.PatchTools.PatchManager] [DBG]: Applying: Postfix patch of conversation_player_threats_lord_verify_on_condition in type LordConversationsCampaignBehavior (SandBox.CampaignBehaviors.LordConversationsCampaignBehavior)
[2023-02-05T17:00:38.6351012+08:00] [Diplomacy.PatchTools.PatchManager] [DBG]: Applying: Postfix patch of village_farmer_loot_on_condition in type VillagerCampaignBehavior (TaleWorlds.CampaignSystem.CampaignBehaviors.VillagerCampaignBehavior)
[2023-02-05T17:00:38.6361023+08:00] [Diplomacy.PatchTools.PatchManager] [DBG]: Applying: Postfix patch of caravan_loot_on_condition in type CaravansCampaignBehavior (TaleWorlds.CampaignSystem.CampaignBehaviors.CaravansCampaignBehavior)
[2023-02-05T17:00:38.6381013+08:00] [Diplomacy.PatchTools.PatchManager] [DBG]: Applying: Postfix patch of game_menu_village_hostile_action_on_condition in type PlayerTownVisitCampaignBehavior (TaleWorlds.CampaignSystem.CampaignBehaviors.PlayerTownVisitCampaignBehavior)
[2023-02-05T17:00:38.6391012+08:00] [Diplomacy.PatchTools.PatchManager] [DBG]: Applying: Prefix patch of AbdicateTheThrone in type KingdomManager (TaleWorlds.CampaignSystem.KingdomManager)
[2023-02-05T17:00:38.6441013+08:00] [Diplomacy.PatchTools.PatchManager] [DBG]: Applied 8 patches of 1 patch classes (domain: bannerlord.diplomacy.campaign)..
[2023-02-05T17:00:38.6486700+08:00] [Diplomacy.SubModule] [DBG]: Campaign session started.
[2023-02-05T17:05:30.4182135+08:00] [Diplomacy.SubModule] [INF]: Loading Diplomacy v1.2.1...
[2023-02-05T17:05:30.4252223+08:00] [Diplomacy.PatchTools.PatchManager] [DBG]: Applying unannotated Harmony patches (domain: bannerlord.diplomacy)...
[2023-02-05T17:05:30.4343448+08:00] [Diplomacy.PatchTools.PatchManager] [DBG]: Applying: Postfix patch of Apply in type DeclareWarAction (TaleWorlds.CampaignSystem.Actions.DeclareWarAction)
[2023-02-05T17:05:30.4363431+08:00] [Diplomacy.PatchTools.PatchManager] [DBG]: Applying: Postfix patch of ApplyDeclareWarOverProvocation in type DeclareWarAction (TaleWorlds.CampaignSystem.Actions.DeclareWarAction)
[2023-02-05T17:05:30.4363431+08:00] [Diplomacy.PatchTools.PatchManager] [DBG]: Applying: Postfix patch of CalculateInfluenceChange in type DefaultClanPoliticsModel (TaleWorlds.CampaignSystem.GameComponents.DefaultClanPoliticsModel)
[2023-02-05T17:05:30.4383776+08:00] [Diplomacy.PatchTools.PatchManager] [DBG]: Applying: Prefix patch of ConsiderWar in type DiplomaticBartersBehavior (TaleWorlds.CampaignSystem.CampaignBehaviors.BarterBehaviors.DiplomaticBartersBehavior)
[2023-02-05T17:05:30.4389203+08:00] [Diplomacy.PatchTools.PatchManager] [DBG]: Applying: Postfix patch of siege_aftermath_contextual_summary_on_init in type SiegeAftermathCampaignBehavior (TaleWorlds.CampaignSystem.CampaignBehaviors.SiegeAftermathCampaignBehavior)
[2023-02-05T17:05:30.4439279+08:00] [Diplomacy.PatchTools.PatchManager] [DBG]: Applying: Prefix patch of ConsiderWar in type KingdomDecisionProposalBehavior (TaleWorlds.CampaignSystem.CampaignBehaviors.KingdomDecisionProposalBehavior)
[2023-02-05T17:05:30.4459533+08:00] [Diplomacy.PatchTools.PatchManager] [DBG]: Applying: Prefix patch of ConsiderPeace in type KingdomDecisionProposalBehavior (TaleWorlds.CampaignSystem.CampaignBehaviors.KingdomDecisionProposalBehavior)
[2023-02-05T17:05:30.4554697+08:00] [Diplomacy.PatchTools.PatchManager] [DBG]: Applying: Prefix patch of DailyTickClan in type KingdomDecisionProposalBehavior (TaleWorlds.CampaignSystem.CampaignBehaviors.KingdomDecisionProposalBehavior)
[2023-02-05T17:05:30.4694959+08:00] [Diplomacy.PatchTools.PatchManager] [DBG]: Applying: Postfix patch of MainStoryLineChosen in type SupportKingdomQuest (StoryMode.Quests.FirstPhase.SupportKingdomQuest)
[2023-02-05T17:05:30.4715022+08:00] [Diplomacy.PatchTools.PatchManager] [DBG]: Applying: Prefix patch of DeclareAlliance in type FactionManager (TaleWorlds.CampaignSystem.FactionManager)
[2023-02-05T17:05:30.4725021+08:00] [Diplomacy.PatchTools.PatchManager] [DBG]: Applying: Postfix patch of InitializeListItems in type DefaultEncyclopediaFactionPage (TaleWorlds.CampaignSystem.Encyclopedia.Pages.DefaultEncyclopediaFactionPage)
[2023-02-05T17:05:30.4735024+08:00] [Diplomacy.PatchTools.PatchManager] [DBG]: Applying: Postfix patch of OnFinalize in type KingdomManagementVM (TaleWorlds.CampaignSystem.ViewModelCollection.KingdomManagement.KingdomManagementVM)
[2023-02-05T17:05:30.4755027+08:00] [Diplomacy.PatchTools.PatchManager] [DBG]: Applying: Postfix patch of .ctor in type GauntletBannerEditorScreen (SandBox.GauntletUI.BannerEditor.GauntletBannerEditorScreen)
[2023-02-05T17:05:30.4810147+08:00] [Diplomacy.PatchTools.PatchManager] [DBG]: Applying: Prefix patch of OnDone in type GauntletBannerEditorScreen (SandBox.GauntletUI.BannerEditor.GauntletBannerEditorScreen)
[2023-02-05T17:05:30.4830161+08:00] [Diplomacy.PatchTools.PatchManager] [DBG]: Applied 14 patches of 10 patch classes (domain: bannerlord.diplomacy)..
[2023-02-05T17:05:43.5696565+08:00] [Diplomacy.SubModule] [INF]: Loaded Diplomacy v1.2.1!
[2023-02-05T17:06:24.4602843+08:00] [Diplomacy.PatchTools.PatchManager] [DBG]: Applying unannotated Harmony patches (domain: bannerlord.diplomacy.campaign)...
[2023-02-05T17:06:24.4612844+08:00] [Diplomacy.PatchTools.PatchManager] [DBG]: Applying: Postfix patch of conversation_lord_request_mission_ask_on_condition in type LordConversationsCampaignBehavior (SandBox.CampaignBehaviors.LordConversationsCampaignBehavior)
[2023-02-05T17:06:24.4662830+08:00] [Diplomacy.PatchTools.PatchManager] [DBG]: Applying: Postfix patch of conversation_player_wants_to_make_peace_on_condition in type LordConversationsCampaignBehavior (SandBox.CampaignBehaviors.LordConversationsCampaignBehavior)
[2023-02-05T17:06:24.4683950+08:00] [Diplomacy.PatchTools.PatchManager] [DBG]: Applying: Postfix patch of conversation_player_want_to_join_faction_as_mercenary_or_vassal_on_condition in type LordConversationsCampaignBehavior (SandBox.CampaignBehaviors.LordConversationsCampaignBehavior)
[2023-02-05T17:06:24.4724377+08:00] [Diplomacy.PatchTools.PatchManager] [DBG]: Applying: Postfix patch of conversation_player_threats_lord_verify_on_condition in type LordConversationsCampaignBehavior (SandBox.CampaignBehaviors.LordConversationsCampaignBehavior)
[2023-02-05T17:06:24.4744403+08:00] [Diplomacy.PatchTools.PatchManager] [DBG]: Applying: Postfix patch of village_farmer_loot_on_condition in type VillagerCampaignBehavior (TaleWorlds.CampaignSystem.CampaignBehaviors.VillagerCampaignBehavior)
[2023-02-05T17:06:24.4754385+08:00] [Diplomacy.PatchTools.PatchManager] [DBG]: Applying: Postfix patch of caravan_loot_on_condition in type CaravansCampaignBehavior (TaleWorlds.CampaignSystem.CampaignBehaviors.CaravansCampaignBehavior)
[2023-02-05T17:06:24.4764378+08:00] [Diplomacy.PatchTools.PatchManager] [DBG]: Applying: Postfix patch of game_menu_village_hostile_action_on_condition in type PlayerTownVisitCampaignBehavior (TaleWorlds.CampaignSystem.CampaignBehaviors.PlayerTownVisitCampaignBehavior)
[2023-02-05T17:06:24.4773490+08:00] [Diplomacy.PatchTools.PatchManager] [DBG]: Applying: Prefix patch of AbdicateTheThrone in type KingdomManager (TaleWorlds.CampaignSystem.KingdomManager)
[2023-02-05T17:06:24.4826283+08:00] [Diplomacy.PatchTools.PatchManager] [DBG]: Applied 8 patches of 1 patch classes (domain: bannerlord.diplomacy.campaign)..
[2023-02-05T17:06:24.4898169+08:00] [Diplomacy.SubModule] [DBG]: Campaign session started.
[2023-02-05T18:05:34.0723970+08:00] [Diplomacy.SubModule] [DBG]: Campaign session ended.
[2023-02-05T18:05:56.4583874+08:00] [Diplomacy.SubModule] [INF]: Unloaded Diplomacy v1.2.1!
