[2023-02-11T12:15:29.4182340+08:00] [Diplomacy.SubModule] [INF]: Loading Diplomacy v1.2.4...
[2023-02-11T12:15:29.4265171+08:00] [Diplomacy.PatchTools.PatchManager] [DBG]: Applying unannotated Harmony patches (domain: bannerlord.diplomacy)...
[2023-02-11T12:15:29.4415564+08:00] [Diplomacy.PatchTools.PatchManager] [DBG]: Applying: Postfix patch of Apply in type DeclareWarAction (TaleWorlds.CampaignSystem.Actions.DeclareWarAction)
[2023-02-11T12:15:29.4441522+08:00] [Diplomacy.PatchTools.PatchManager] [DBG]: Applying: Postfix patch of ApplyDeclareWarOverProvocation in type DeclareWarAction (TaleWorlds.CampaignSystem.Actions.DeclareWarAction)
[2023-02-11T12:15:29.4441522+08:00] [Diplomacy.PatchTools.PatchManager] [DBG]: Applying: Postfix patch of CalculateInfluenceChange in type DefaultClanPoliticsModel (TaleWorlds.CampaignSystem.GameComponents.DefaultClanPoliticsModel)
[2023-02-11T12:15:29.4462662+08:00] [Diplomacy.PatchTools.PatchManager] [DBG]: Applying: Prefix patch of ConsiderWar in type DiplomaticBartersBehavior (TaleWorlds.CampaignSystem.CampaignBehaviors.BarterBehaviors.DiplomaticBartersBehavior)
[2023-02-11T12:15:29.4478493+08:00] [Diplomacy.PatchTools.PatchManager] [DBG]: Applying: Postfix patch of siege_aftermath_contextual_summary_on_init in type SiegeAftermathCampaignBehavior (TaleWorlds.CampaignSystem.CampaignBehaviors.SiegeAftermathCampaignBehavior)
[2023-02-11T12:15:29.4514406+08:00] [Diplomacy.PatchTools.PatchManager] [DBG]: Applying: Prefix patch of ConsiderWar in type KingdomDecisionProposalBehavior (TaleWorlds.CampaignSystem.CampaignBehaviors.KingdomDecisionProposalBehavior)
[2023-02-11T12:15:29.4567501+08:00] [Diplomacy.PatchTools.PatchManager] [DBG]: Applying: Prefix patch of ConsiderPeace in type KingdomDecisionProposalBehavior (TaleWorlds.CampaignSystem.CampaignBehaviors.KingdomDecisionProposalBehavior)
[2023-02-11T12:15:29.4647331+08:00] [Diplomacy.PatchTools.PatchManager] [DBG]: Applying: Prefix patch of DailyTickClan in type KingdomDecisionProposalBehavior (TaleWorlds.CampaignSystem.CampaignBehaviors.KingdomDecisionProposalBehavior)
[2023-02-11T12:15:29.4770550+08:00] [Diplomacy.PatchTools.PatchManager] [DBG]: Applying: Postfix patch of MainStoryLineChosen in type SupportKingdomQuest (StoryMode.Quests.FirstPhase.SupportKingdomQuest)
[2023-02-11T12:15:29.4784494+08:00] [Diplomacy.PatchTools.PatchManager] [DBG]: Applying: Prefix patch of DeclareAlliance in type FactionManager (TaleWorlds.CampaignSystem.FactionManager)
[2023-02-11T12:15:29.4796981+08:00] [Diplomacy.PatchTools.PatchManager] [DBG]: Applying: Postfix patch of InitializeListItems in type DefaultEncyclopediaFactionPage (TaleWorlds.CampaignSystem.Encyclopedia.Pages.DefaultEncyclopediaFactionPage)
[2023-02-11T12:15:29.4807308+08:00] [Diplomacy.PatchTools.PatchManager] [DBG]: Applying: Postfix patch of OnFinalize in type KingdomManagementVM (TaleWorlds.CampaignSystem.ViewModelCollection.KingdomManagement.KingdomManagementVM)
[2023-02-11T12:15:29.4819865+08:00] [Diplomacy.PatchTools.PatchManager] [DBG]: Applying: Postfix patch of .ctor in type GauntletBannerEditorScreen (SandBox.GauntletUI.BannerEditor.GauntletBannerEditorScreen)
[2023-02-11T12:15:29.4862767+08:00] [Diplomacy.PatchTools.PatchManager] [DBG]: Applying: Prefix patch of OnDone in type GauntletBannerEditorScreen (SandBox.GauntletUI.BannerEditor.GauntletBannerEditorScreen)
[2023-02-11T12:15:29.4888980+08:00] [Diplomacy.PatchTools.PatchManager] [DBG]: Applied 14 patches of 10 patch classes (domain: bannerlord.diplomacy)..
[2023-02-11T12:15:40.6762600+08:00] [Diplomacy.SubModule] [INF]: Loaded Diplomacy v1.2.4!
[2023-02-11T12:16:16.0005678+08:00] [Diplomacy.PatchTools.PatchManager] [DBG]: Applying unannotated Harmony patches (domain: bannerlord.diplomacy.campaign)...
[2023-02-11T12:16:16.0016023+08:00] [Diplomacy.PatchTools.PatchManager] [DBG]: Applying: Postfix patch of conversation_lord_request_mission_ask_on_condition in type LordConversationsCampaignBehavior (SandBox.CampaignBehaviors.LordConversationsCampaignBehavior)
[2023-02-11T12:16:16.0084178+08:00] [Diplomacy.PatchTools.PatchManager] [DBG]: Applying: Postfix patch of conversation_player_wants_to_make_peace_on_condition in type LordConversationsCampaignBehavior (SandBox.CampaignBehaviors.LordConversationsCampaignBehavior)
[2023-02-11T12:16:16.0094701+08:00] [Diplomacy.PatchTools.PatchManager] [DBG]: Applying: Postfix patch of conversation_player_want_to_join_faction_as_mercenary_or_vassal_on_condition in type LordConversationsCampaignBehavior (SandBox.CampaignBehaviors.LordConversationsCampaignBehavior)
[2023-02-11T12:16:16.0137418+08:00] [Diplomacy.PatchTools.PatchManager] [DBG]: Applying: Postfix patch of conversation_player_threats_lord_verify_on_condition in type LordConversationsCampaignBehavior (SandBox.CampaignBehaviors.LordConversationsCampaignBehavior)
[2023-02-11T12:16:16.0167496+08:00] [Diplomacy.PatchTools.PatchManager] [DBG]: Applying: Postfix patch of village_farmer_loot_on_condition in type VillagerCampaignBehavior (TaleWorlds.CampaignSystem.CampaignBehaviors.VillagerCampaignBehavior)
[2023-02-11T12:16:16.0177845+08:00] [Diplomacy.PatchTools.PatchManager] [DBG]: Applying: Postfix patch of caravan_loot_on_condition in type CaravansCampaignBehavior (TaleWorlds.CampaignSystem.CampaignBehaviors.CaravansCampaignBehavior)
[2023-02-11T12:16:16.0197485+08:00] [Diplomacy.PatchTools.PatchManager] [DBG]: Applying: Postfix patch of game_menu_village_hostile_action_on_condition in type PlayerTownVisitCampaignBehavior (TaleWorlds.CampaignSystem.CampaignBehaviors.PlayerTownVisitCampaignBehavior)
[2023-02-11T12:16:16.0207472+08:00] [Diplomacy.PatchTools.PatchManager] [DBG]: Applying: Prefix patch of AbdicateTheThrone in type KingdomManager (TaleWorlds.CampaignSystem.KingdomManager)
[2023-02-11T12:16:16.0253680+08:00] [Diplomacy.PatchTools.PatchManager] [DBG]: Applied 8 patches of 1 patch classes (domain: bannerlord.diplomacy.campaign)..
[2023-02-11T12:16:16.0293331+08:00] [Diplomacy.SubModule] [DBG]: Campaign session started.
[2023-02-11T12:24:24.0023862+08:00] [Diplomacy.CampaignBehaviors.DiplomaticAgreementBehavior] [VRB]: [秋季 1084年7日] 北帝国 decided to form a NAP with 巴旦尼亚.
[2023-02-11T12:24:24.0064127+08:00] [Diplomacy.DiplomaticAction.NonAggressionPact.FormNonAggressionPactAction] [VRB]: [秋季 1084年7日] 北帝国 secured a NAP with 巴旦尼亚.
[2023-02-11T12:36:21.3363470+08:00] [Diplomacy.CampaignBehaviors.DiplomaticAgreementBehavior] [VRB]: [秋季 1084年15日] 斯特吉亚 decided to form a NAP with 巴旦尼亚.
[2023-02-11T12:36:21.3373501+08:00] [Diplomacy.DiplomaticAction.NonAggressionPact.FormNonAggressionPactAction] [VRB]: [秋季 1084年15日] 斯特吉亚 secured a NAP with 巴旦尼亚.
[2023-02-11T12:42:17.7517623+08:00] [Diplomacy.CampaignBehaviors.WarExhaustionBehavior] [VRB]: [秋季 1084年18日] 巴旦尼亚, due to max war exhaustion, will peace out with 西帝国.
[2023-02-11T12:42:17.7714461+08:00] [Diplomacy.CampaignBehaviors.CooldownBehavior] [VRB]: [秋季 1084年18日] 巴旦尼亚 got a war declaration cooldown with 西帝国.
[2023-02-11T12:42:17.7921167+08:00] [Diplomacy.DiplomaticAction.WarPeace.KingdomPeaceAction] [VRB]: [秋季 1084年18日] 巴旦尼亚 secured peace with 西帝国 (cost: 500 gold and 3700 influence). War reparations payed: 1445000 gold. They pledged to pay daily tribute of 3960 gold.
[2023-02-11T12:42:26.6762037+08:00] [Diplomacy.CampaignBehaviors.CooldownBehavior] [VRB]: [秋季 1084年18日] 北帝国 got a war declaration cooldown with 库赛特.
[2023-02-11T12:44:37.0255803+08:00] [Diplomacy.CampaignBehaviors.DiplomaticAgreementBehavior] [VRB]: [冬季 1084年3日] 阿塞莱 decided to form a NAP with 南帝国.
[2023-02-11T12:44:37.0255803+08:00] [Diplomacy.DiplomaticAction.NonAggressionPact.FormNonAggressionPactAction] [VRB]: [冬季 1084年3日] 阿塞莱 secured a NAP with 南帝国.
[2023-02-11T12:46:57.4723396+08:00] [Diplomacy.CampaignBehaviors.CooldownBehavior] [VRB]: [冬季 1084年6日] 巴旦尼亚 got a war declaration cooldown with 瓦兰迪亚.
[2023-02-11T12:59:50.3914213+08:00] [Diplomacy.CampaignBehaviors.CooldownBehavior] [VRB]: [冬季 1084年10日] 斯特吉亚 got a war declaration cooldown with 瓦兰迪亚.
[2023-02-11T13:03:05.7847333+08:00] [Diplomacy.CampaignBehaviors.CooldownBehavior] [VRB]: [冬季 1084年13日] 北帝国 got a war declaration cooldown with 西帝国.
[2023-02-11T13:38:48.6356310+08:00] [Diplomacy.CampaignBehaviors.CooldownBehavior] [VRB]: [春季 1085年17日] 西帝国 got a war declaration cooldown with 阿塞莱.
[2023-02-11T13:55:47.1587907+08:00] [Diplomacy.SubModule] [DBG]: Campaign session ended.
[2023-02-11T13:55:54.5598604+08:00] [Diplomacy.SubModule] [INF]: Unloaded Diplomacy v1.2.4!
