BLSE Exception:
Version: 1.3.8.0

Type: System.FormatException
Message: Input string was not in a correct format.
Source: mscorlib
CallStack:
   at System.Number.StringToNumber(String str, NumberStyles options, NumberBuffer& number, NumberFormatInfo info, Boolean parseDecimal)
   at System.Number.ParseDecimal(String value, NumberStyles options, NumberFormatInfo numfmt)
   at TaleWorlds.GauntletUI.PrefabSystem.ConstantDefinition.GetValue(BrushFactory brushFactory, SpriteData spriteData, Dictionary`2 constants, Dictionary`2 parameters, Dictionary`2 defaultParameters)
   at TaleWorlds.GauntletUI.PrefabSystem.WidgetTemplate.SetAttributes(WidgetCreationData widgetCreationData, WidgetInstantiationResult widgetInstantiationResult, Dictionary`2 parameters)
   at TaleWorlds.GauntletUI.PrefabSystem.WidgetTemplate.SetAttributes(WidgetCreationData widgetCreationData, WidgetInstantiationResult widgetInstantiationResult, Dictionary`2 parameters)
   at TaleWorlds.GauntletUI.PrefabSystem.WidgetTemplate.SetAttributes(WidgetCreationData widgetCreationData, WidgetInstantiationResult widgetInstantiationResult, Dictionary`2 parameters)
   at TaleWorlds.GauntletUI.PrefabSystem.WidgetTemplate.SetAttributes(WidgetCreationData widgetCreationData, WidgetInstantiationResult widgetInstantiationResult, Dictionary`2 parameters)
   at TaleWorlds.GauntletUI.PrefabSystem.WidgetTemplate.SetAttributes(WidgetCreationData widgetCreationData, WidgetInstantiationResult widgetInstantiationResult, Dictionary`2 parameters)
   at TaleWorlds.GauntletUI.PrefabSystem.WidgetTemplate.Instantiate(WidgetCreationData widgetCreationData, Dictionary`2 parameters)
   at TaleWorlds.GauntletUI.Data.GauntletMovie.LoadMovie()
   at TaleWorlds.GauntletUI.BrushFactory.CheckForUpdates_Patch0(BrushFactory this)
   at TaleWorlds.GauntletUI.UIContext.Update(Single dt)
   at TaleWorlds.MountAndBlade.Launcher.Library.StandaloneUIDomain.Update()
   at TaleWorlds.TwoDimension.Standalone.WindowsFramework.MessageLoop()
   at TaleWorlds.TwoDimension.Standalone.WindowsFramework.Start()
   at TaleWorlds.MountAndBlade.Launcher.Library.Program.Main(String[] args)
   at Bannerlord.BLSE.Shared.LauncherEx.Launch(String[] args)
   at Bannerlord.BLSE.Program.Main(String[] args)

